2021-04-23 19:16:27  [ http-nio-8000-exec-1:0 ] - [ INFO ]  Path: /register, status: success, username: snowfall
2021-04-23 20:08:32  [ http-nio-8000-exec-1:0 ] - [ INFO ]  Path: /release, status: success, author: 3
2021-04-23 20:10:03  [ http-nio-8000-exec-4:90152 ] - [ INFO ]  Path: /release, status: success, author: 3
2021-04-23 20:13:31  [ http-nio-8000-exec-2:0 ] - [ INFO ]  Path: /release, status: success, author: 3
2021-04-23 20:20:08  [ http-nio-8000-exec-1:0 ] - [ INFO ]  Path: /release, status: success, author: 3
2021-04-23 21:13:22  [ http-nio-8000-exec-1:0 ] - [ INFO ]  Path: /msgboard/snowfall, status: success
2021-04-23 21:15:10  [ http-nio-8000-exec-1:0 ] - [ INFO ]  Path: /msgboard/1, status: success
2021-04-23 21:15:26  [ http-nio-8000-exec-3:16435 ] - [ INFO ]  Path: /msgboard/1, status: success
2021-04-23 21:16:01  [ http-nio-8000-exec-2:51321 ] - [ INFO ]  Path: /release, status: success, author: 3
2021-04-23 21:40:34  [ http-nio-8000-exec-4:1524301 ] - [ INFO ]  Path: /release, status: success, author: 3
2021-04-23 21:41:55  [ http-nio-8000-exec-8:1605694 ] - [ INFO ]  Path: /register, status: success, username: test
2021-04-23 21:42:21  [ http-nio-8000-exec-7:1631140 ] - [ INFO ]  Path: /login, status: success, username: test
2021-04-23 21:43:23  [ http-nio-8000-exec-1:1692853 ] - [ INFO ]  Path: /snowfall/info, status: success
2021-04-24 11:03:41  [ http-nio-8000-exec-1:0 ] - [ INFO ]  Path: /msgboard/snowfall, status: success
2021-04-24 11:04:18  [ http-nio-8000-exec-3:36947 ] - [ INFO ]  Path: /snowfall/info, status: success
2021-04-24 11:05:26  [ http-nio-8000-exec-4:104949 ] - [ INFO ]  Path: /login, status: success, username: snowfall
2021-04-25 10:45:02  [ http-nio-8000-exec-1:0 ] - [ INFO ]  Path: /msgboard/2comments/release, status: success
2021-04-25 10:54:06  [ http-nio-8000-exec-5:0 ] - [ INFO ]  Path: /msgboard/snowfall, status: success
2021-04-26 20:59:01  [ http-nio-8000-exec-1:0 ] - [ INFO ]  Path: /login, status: success, username: snowfall
2021-04-27 22:15:25  [ http-nio-8000-exec-2:1 ] - [ INFO ]  Path: /friends/add, status: success, friends: root, snowfall
2021-04-27 22:16:14  [ http-nio-8000-exec-4:48574 ] - [ INFO ]  Path: /friends/, status: success
2021-04-28 11:11:57  [ http-nio-8000-exec-1:0 ] - [ INFO ]  Path: /login, status: success, username: snowfall
2021-04-28 11:13:51  [ http-nio-8000-exec-3:114704 ] - [ INFO ]  Path: /login, status: success, username: snowfall

2021-04-28 15:03:56  [ http-nio-8000-exec-1:0 ] - [ ERROR ]  Path: /register, status: fail, username: test2
2021-04-28 15:10:43  [ http-nio-8000-exec-1:0 ] - [ INFO ]  Path: /register, status: success, username: test2
2021-05-02 15:39:20  [ http-nio-8000-exec-5:0 ] - [ INFO ]  Path: /register, status: success, username: testemail
2021-05-02 15:45:08  [ http-nio-8000-exec-4:348099 ] - [ INFO ]  Path: /register, status: success, username: testee
2021-05-03 08:58:53  [ http-nio-8000-exec-4:0 ] - [ ERROR ]  Path: /users/register, status: fail, error msg: password1 != password2
2021-05-03 09:02:50  [ http-nio-8000-exec-2:236679 ] - [ ERROR ]  Path: /users/register, status: fail, error msg: password1 != password2
2021-05-03 09:09:10  [ http-nio-8000-exec-6:617179 ] - [ ERROR ]  Path: /users/register, status: fail, error msg: password1 != password2
2021-05-03 09:12:06  [ http-nio-8000-exec-9:793549 ] - [ ERROR ]  Path: /users/register, status: fail, error msg: password1 != password2
2021-05-03 09:12:20  [ http-nio-8000-exec-7:807356 ] - [ ERROR ]  Path: /register, status: fail, username: test
2021-05-03 09:12:52  [ http-nio-8000-exec-1:839029 ] - [ INFO ]  Path: /register, status: success, username: testem
2021-05-03 18:27:31  [ http-nio-8000-exec-3:0 ] - [ INFO ]  Path: /register, status: success, username: testst
2021-05-08 22:53:15  [ http-nio-8000-exec-1:0 ] - [ INFO ]  Path: /login, status: success, username: root
2021-05-09 19:09:39  [ http-nio-8000-exec-1:0 ] - [ INFO ]  Path: /login, status: success, username: root
2021-05-09 19:19:39  [ http-nio-8000-exec-1:0 ] - [ INFO ]  Path: /chat/sendchat, status: success
2021-05-09 19:22:02  [ http-nio-8000-exec-3:142518 ] - [ INFO ]  Path: /chat/getchat, status = success
2021-05-09 19:24:26  [ http-nio-8000-exec-5:286696 ] - [ INFO ]  Path: /chat/sendchat, status: success
2021-05-09 19:24:29  [ http-nio-8000-exec-6:290176 ] - [ INFO ]  Path: /chat/getchat, status = success
2021-05-09 19:25:19  [ http-nio-8000-exec-1:0 ] - [ INFO ]  Path: /chat/getchat, status = success
2021-05-10 10:18:26  [ http-nio-8000-exec-1:0 ] - [ INFO ]  Path: /chat/sendchat, status: success
2021-05-10 10:20:11  [ http-nio-8000-exec-1:0 ] - [ INFO ]  Path: /chat/sendchat, status: success
2021-05-10 10:20:51  [ http-nio-8000-exec-2:40715 ] - [ INFO ]  Path: /chat/sendchat, status: success
2021-05-07 14:32:49  [ http-nio-8000-exec-1:0 ] - [ ERROR ]  Path: /email/sendemail, status: failed, error: email has been used
2021-05-07 17:57:48  [ http-nio-8000-exec-3:0 ] - [ INFO ]  Path: /login, status: success, username: root
2021-05-07 17:58:30  [ http-nio-8000-exec-4:41214 ] - [ INFO ]  Path: /login, status: success, username: root
2021-05-07 17:59:02  [ http-nio-8000-exec-5:73527 ] - [ INFO ]  Path: /msgboard/, status: success
2021-05-07 21:26:32  [ http-nio-8000-exec-1:0 ] - [ INFO ]  Path: /friends/, status: success
2021-05-08 23:02:32  [ http-nio-8000-exec-1:0 ] - [ INFO ]  Path: /msgboard/, status: success
2021-05-08 23:07:05  [ http-nio-8000-exec-1:0 ] - [ INFO ]  Path: /msgboard/, status: success
2021-05-09 10:18:57  [ http-nio-8000-exec-1:0 ] - [ INFO ]  Path: /login, status: success, username: root
2021-05-09 10:19:20  [ http-nio-8000-exec-2:22600 ] - [ INFO ]  Path: /msgboard/, status: success
2021-05-09 11:48:10  [ http-nio-8000-exec-2:0 ] - [ INFO ]  Path: /msgboard/1comments/release, status: success
2021-05-09 21:49:15  [ http-nio-8000-exec-1:0 ] - [ INFO ]  Path: /login, status: success, username: root
2021-05-09 21:51:02  [ http-nio-8000-exec-4:106879 ] - [ INFO ]  Path: /msgboard/1comments/release, status: success
2021-05-11 22:36:48  [ http-nio-8000-exec-1:0 ] - [ INFO ]  Path: /msgboard/, status: success
2021-05-11 22:36:55  [ http-nio-8000-exec-2:6782 ] - [ INFO ]  Path: /login, status: success, username: test2
2021-05-11 22:36:58  [ http-nio-8000-exec-3:9927 ] - [ INFO ]  Path: /msgboard/, status: success
2021-05-11 22:40:05  [ http-nio-8000-exec-7:196693 ] - [ INFO ]  Path: /msgboard/, status: success
2021-05-11 22:40:29  [ http-nio-8000-exec-8:220548 ] - [ INFO ]  Path: /friends/, status: success
2021-05-11 22:43:47  [ http-nio-8000-exec-1:419066 ] - [ INFO ]  Path: /msgboard/, status: success
2021-05-11 22:43:48  [ http-nio-8000-exec-2:419394 ] - [ INFO ]  Path: /friends/, status: success
2021-05-11 22:45:51  [ http-nio-8000-exec-6:542681 ] - [ INFO ]  Path: /msgboard/, status: success
2021-05-11 22:46:52  [ http-nio-8000-exec-8:604301 ] - [ INFO ]  Path: /friends/, status: success
2021-05-11 22:48:28  [ http-nio-8000-exec-2:0 ] - [ INFO ]  Path: /friends/, status: success
2021-05-11 22:48:28  [ http-nio-8000-exec-1:72 ] - [ INFO ]  Path: /msgboard/, status: success
2021-05-11 22:49:11  [ http-nio-8000-exec-6:42671 ] - [ INFO ]  Path: /msgboard/, status: success
2021-05-11 22:49:12  [ http-nio-8000-exec-7:43223 ] - [ INFO ]  Path: /friends/, status: success
2021-05-11 22:50:12  [ http-nio-8000-exec-1:0 ] - [ INFO ]  Path: /msgboard/, status: success
2021-05-11 22:50:12  [ http-nio-8000-exec-2:45 ] - [ INFO ]  Path: /friends/, status: success
2021-05-11 22:54:33  [ http-nio-8000-exec-1:0 ] - [ INFO ]  Path: /msgboard/, status: success
2021-05-11 22:54:34  [ http-nio-8000-exec-2:820 ] - [ INFO ]  Path: /friends/, status: success
2021-05-11 22:56:40  [ http-nio-8000-exec-1:0 ] - [ INFO ]  Path: /msgboard/, status: success
2021-05-11 22:56:42  [ http-nio-8000-exec-2:1941 ] - [ INFO ]  Path: /friends/, status: success
2021-05-11 23:04:03  [ http-nio-8000-exec-2:0 ] - [ INFO ]  Path: /friends/, status: success
2021-05-11 23:04:06  [ http-nio-8000-exec-3:2478 ] - [ INFO ]  Path: /msgboard/, status: success
2021-05-11 23:04:21  [ http-nio-8000-exec-4:17535 ] - [ INFO ]  Path: /friends/, status: success
2021-05-11 23:06:29  [ http-nio-8000-exec-1:145771 ] - [ INFO ]  Path: /chat/sendchat, status: success
2021-05-11 23:06:51  [ http-nio-8000-exec-2:167906 ] - [ INFO ]  Path: /chat/sendchat, status: success
2021-05-11 23:19:56  [ http-nio-8000-exec-1:0 ] - [ INFO ]  Path: /msgboard/, status: success
2021-05-11 23:19:58  [ http-nio-8000-exec-2:2400 ] - [ INFO ]  Path: /friends/, status: success
2021-05-11 23:26:19  [ http-nio-8000-exec-2:0 ] - [ INFO ]  Path: /friends/, status: success
2021-05-11 23:26:21  [ http-nio-8000-exec-1:2183 ] - [ INFO ]  Path: /msgboard/, status: success
2021-05-11 23:30:15  [ http-nio-8000-exec-1:0 ] - [ INFO ]  Path: /msgboard/, status: success
2021-05-11 23:30:17  [ http-nio-8000-exec-2:2052 ] - [ INFO ]  Path: /friends/, status: success
2021-05-11 23:36:54  [ http-nio-8000-exec-2:0 ] - [ INFO ]  Path: /friends/, status: success
2021-05-11 23:36:56  [ http-nio-8000-exec-1:2419 ] - [ INFO ]  Path: /msgboard/, status: success
2021-05-11 23:38:33  [ http-nio-8000-exec-2:0 ] - [ INFO ]  Path: /friends/, status: success
2021-05-11 23:38:33  [ http-nio-8000-exec-1:81 ] - [ INFO ]  Path: /msgboard/, status: success
2021-05-11 23:52:42  [ http-nio-8000-exec-2:0 ] - [ INFO ]  Path: /friends/, status: success
2021-05-11 23:52:42  [ http-nio-8000-exec-1:159 ] - [ INFO ]  Path: /msgboard/, status: success
2021-05-11 23:52:47  [ http-nio-8000-exec-3:5129 ] - [ INFO ]  Path: /msgboard/, status: success
2021-05-11 23:52:52  [ http-nio-8000-exec-4:9970 ] - [ INFO ]  Path: /login, status: success, username: test2
2021-05-11 23:52:55  [ http-nio-8000-exec-5:13059 ] - [ INFO ]  Path: /msgboard/, status: success
2021-05-11 23:52:55  [ http-nio-8000-exec-6:13277 ] - [ INFO ]  Path: /friends/, status: success
2021-05-12 13:44:36  [ http-nio-8000-exec-1:0 ] - [ INFO ]  Path: /login, status: success, username: root
2021-05-12 13:45:11  [ http-nio-8000-exec-2:35296 ] - [ INFO ]  Path: /login, status: success, username: root
2021-05-12 13:49:46  [ http-nio-8000-exec-5:309787 ] - [ ERROR ]  Path: /register, status: fail, username: root Error: email has been taken
2021-05-12 13:49:57  [ http-nio-8000-exec-6:321644 ] - [ ERROR ]  Path: /register, status: fail, username: root Error: email has been taken
